2009-11-10 19:15:21 Debug: Notice (1024): Please change the value of 'Security.salt' in app/config/core.php to a salt value specific to your application in [CORE\cake\libs\debugger.php, line 557]
2009-11-10 19:17:40 Debug: Notice (1024): Please change the value of 'Security.salt' in app/config/core.php to a salt value specific to your application in [CORE\cake\libs\debugger.php, line 557]
2009-11-10 19:19:08 Debug: Notice (1024): Please change the value of 'Security.salt' in app/config/core.php to a salt value specific to your application in [CORE\cake\libs\debugger.php, line 557]
2009-11-10 21:46:42 Debug: Notice (8): Undefined index:  order in [APP\views\processes\index.ctp, line 46]
2009-11-10 21:48:06 Debug: Notice (8): Undefined index:  order in [APP\views\processes\index.ctp, line 46]
2009-11-10 21:48:21 Debug: Notice (8): Undefined index:  order in [APP\views\processes\index.ctp, line 46]
2009-11-10 21:49:23 Debug: Notice (8): Undefined index:  order in [APP\views\processes\index.ctp, line 46]
2009-11-10 21:57:09 Debug: Notice (8): Undefined property:  KnowledgeArea::$ProcessGroup in [APP\controllers\knowledge_areas_controller.php, line 18]
2009-11-10 21:58:52 Debug: Notice (8): Undefined index:  5 in [APP\views\knowledge_areas\view.ctp, line 70]
2009-11-10 21:58:52 Debug: Notice (8): Undefined index:  4 in [APP\views\knowledge_areas\view.ctp, line 70]
2009-11-10 21:58:52 Debug: Notice (8): Undefined index:  3 in [APP\views\knowledge_areas\view.ctp, line 70]
2009-11-10 21:58:53 Debug: Notice (8): Undefined index:  2 in [APP\views\knowledge_areas\view.ctp, line 70]
2009-11-10 21:58:53 Debug: Notice (8): Undefined index:  1 in [APP\views\knowledge_areas\view.ctp, line 70]
2009-11-10 21:59:30 Debug: Notice (8): Undefined index:  5 in [APP\views\knowledge_areas\view.ctp, line 70]
2009-11-10 21:59:30 Debug: Notice (8): Undefined index:  4 in [APP\views\knowledge_areas\view.ctp, line 70]
2009-11-10 21:59:30 Debug: Notice (8): Undefined index:  3 in [APP\views\knowledge_areas\view.ctp, line 70]
2009-11-10 21:59:30 Debug: Notice (8): Undefined index:  2 in [APP\views\knowledge_areas\view.ctp, line 70]
2009-11-10 21:59:30 Debug: Notice (8): Undefined index:  1 in [APP\views\knowledge_areas\view.ctp, line 70]
2009-11-10 22:00:44 Debug: Notice (8): Undefined index:  5 in [APP\views\knowledge_areas\view.ctp, line 70]
2009-11-10 22:08:36 Debug: Notice (8): Undefined index:  5 in [APP\views\knowledge_areas\view.ctp, line 70]
2009-11-10 23:33:31 Debug: Notice (8): Undefined variable: output in [APP\views\processes\view.ctp, line 46]
2009-11-10 23:33:31 Debug: Notice (8): Undefined index:   in [APP\views\processes\view.ctp, line 46]
2009-11-11 02:43:17 Debug: Notice (8): Undefined variable: process_id in [APP\views\inputs\add.ctp, line 7]
2009-11-11 03:09:00 Debug: Notice (8): Use of undefined constant multiple - assumed 'multiple' in [APP\views\inputs\add.ctp, line 7]
2009-11-11 03:09:00 Debug: Notice (8): Use of undefined constant size - assumed 'size' in [APP\views\inputs\add.ctp, line 7]
2009-11-11 05:23:53 Debug: Notice (8): Array to string conversion in [CORE\cake\libs\inflector.php, line 420]
2009-11-11 05:23:53 Debug: Notice (8): Array to string conversion in [CORE\cake\libs\router.php, line 954]
2009-11-11 05:23:53 Debug: Notice (8): Array to string conversion in [CORE\cake\libs\router.php, line 1086]
2009-11-11 05:24:10 Debug: Notice (8): Array to string conversion in [CORE\cake\libs\inflector.php, line 420]
2009-11-11 05:24:10 Debug: Notice (8): Array to string conversion in [CORE\cake\libs\router.php, line 954]
2009-11-11 05:24:10 Debug: Notice (8): Array to string conversion in [CORE\cake\libs\router.php, line 1086]
2009-11-11 13:36:27 Debug: Notice (8): Undefined variable: process in [APP\views\processes\index.ctp, line 47]
2009-11-12 13:02:04 Debug: Notice (8): Undefined variable: output in [APP\views\documents\view.ctp, line 27]
2009-11-12 13:02:04 Debug: Notice (8): Undefined index:   in [APP\views\documents\view.ctp, line 27]
2009-11-12 13:02:21 Debug: Notice (8): Undefined variable: output in [APP\views\documents\view.ctp, line 27]
2009-11-12 13:02:21 Debug: Notice (8): Undefined index:   in [APP\views\documents\view.ctp, line 27]
2009-11-12 18:08:14 Debug: Notice (8): Undefined index:  name in [APP\views\documents\index.ctp, line 14]
2009-11-12 18:08:14 Debug: Notice (8): Undefined index:  id in [APP\views\documents\index.ctp, line 14]
2009-11-13 01:47:36 Debug: Notice (8): Undefined property:  ProcessesController::$Document in [APP\controllers\processes_controller.php, line 28]
2009-11-13 01:48:14 Debug: Notice (8): Undefined variable: document in [APP\views\processes\view.ctp, line 215]
2009-11-13 01:48:14 Debug: Notice (8): Undefined variable: document in [APP\views\processes\view.ctp, line 220]
2009-12-10 01:06:50 Debug: Notice (8): Undefined variable: tools in [APP\views\tools\add.ctp, line 6]
2009-12-10 01:09:51 Debug: Notice (8): Undefined variable: process_id in [APP\views\tools\add.ctp, line 6]
2009-12-10 01:11:25 Debug: Notice (8): Undefined variable: process_id in [APP\views\tools\add.ctp, line 6]
2009-12-10 01:18:23 Debug: Notice (8): Undefined variable: process_id in [APP\views\tools\add.ctp, line 12]
2009-12-10 01:28:44 Debug: Notice (8): Undefined variable: tool_id in [APP\views\tools\add.ctp, line 6]
2009-12-10 01:29:23 Debug: Notice (8): Undefined variable: toolss_id in [APP\views\tools\add.ctp, line 6]
2009-12-10 01:29:47 Debug: Notice (8): Undefined variable: toolss_id in [APP\views\tools\add.ctp, line 6]
2009-12-10 02:41:21 Debug: Notice (8): Undefined index:  Process in [APP\controllers\tools_controller.php, line 26]
2009-12-10 02:41:46 Debug: Notice (8): Undefined index:  Process in [APP\controllers\tools_controller.php, line 26]
2009-12-10 02:42:04 Debug: Notice (8): Undefined index:  Process in [APP\controllers\tools_controller.php, line 26]
2009-12-10 02:57:54 Debug: Notice (8): Undefined variable: save_process in [APP\controllers\tools_controller.php, line 39]
2009-12-10 02:59:15 Debug: Notice (8): Undefined variable: save_process in [APP\controllers\tools_controller.php, line 39]
2009-12-10 02:59:33 Debug: Notice (8): Undefined variable: save_process in [APP\controllers\tools_controller.php, line 39]
2009-12-10 03:00:56 Debug: Notice (8): Undefined variable: save_process in [APP\controllers\tools_controller.php, line 40]
2009-12-10 03:02:32 Debug: Notice (8): Undefined variable: save_process in [APP\controllers\tools_controller.php, line 40]
2009-12-10 03:48:45 Debug: Notice (8): Use of undefined constant edit - assumed 'edit' in [APP\views\processes\view.ctp, line 85]
2009-12-10 09:50:36 Debug: Notice (8): Undefined property: ToolsController::$Document in [APP\controllers\tools_controller.php, line 20]
2009-12-10 09:50:36 Debug: Notice (8): Trying to get property of non-object in [APP\controllers\tools_controller.php, line 20]
2009-12-10 09:50:56 Debug: Notice (8): Undefined variable: document in [APP\views\tools\view.ctp, line 113]
2009-12-10 09:50:56 Debug: Notice (8): Undefined variable: document in [APP\views\tools\view.ctp, line 117]
2009-12-10 10:06:55 Debug: Notice (8): Undefined index:  id in [APP\views\tools\view.ctp, line 150]
2009-12-10 10:13:34 Debug: Notice (8): Undefined variable: tool in [APP\views\documents\view.ctp, line 244]
